<?xml version="1.0" encoding="UTF-8"?>
<testng-results skipped="0" failed="0" total="1" passed="1">
  <reporter-output>
  </reporter-output>
  <suite name="Default suite" duration-ms="70262" started-at="2019-10-23T08:59:20Z" finished-at="2019-10-23T09:00:30Z">
    <groups>
    </groups>
    <test name="Default test" duration-ms="70262" started-at="2019-10-23T08:59:20Z" finished-at="2019-10-23T09:00:30Z">
      <class name="DriverFactory.AppTest">
        <test-method status="PASS" signature="ERP_Stock()[pri:0, instance:DriverFactory.AppTest@457e2f02]" name="ERP_Stock" duration-ms="70232" started-at="2019-10-23T14:29:20Z" finished-at="2019-10-23T14:30:30Z">
          <reporter-output>
          </reporter-output>
        </test-method> <!-- ERP_Stock -->
      </class> <!-- DriverFactory.AppTest -->
    </test> <!-- Default test -->
  </suite> <!-- Default suite -->
</testng-results>
